<?xml version="1.0" encoding="utf-8"?><testsuites name="pytest tests"><testsuite name="pytest" errors="0" failures="0" skipped="0" tests="33" time="8.356" timestamp="2026-09-04T15:42:36.281541+07:00" hostname="LAPTOP-M83M7NV1"><testcase classname="tests.test_api" name="test_rest_schema_and_gradio_adapter" time="0.031" /><testcase classname="tests.test_api" name="test_structured_errors[invalid!-INVALID_SMILES]" time="0.011" /><testcase classname="tests.test_api" name="test_structured_errors[CC.O-UNSUPPORTED_MIXTURE]" time="0.008" /><testcase classname="tests.test_api" name="test_structured_errors[-INVALID_SMILES]" time="0.007" /><testcase classname="tests.test_api" name="test_version_mismatch_rejected" time="0.007" /><testcase classname="tests.test_api" name="test_molecular_weight_is_not_volatility_rule" time="0.011" /><testcase classname="tests.test_api" name="test_smiles_does_not_require_pubchem" time="0.017" /><testcase classname="tests.test_export" name="test_synthetic_two_label_export_parity_and_fail_closed[False-xgb]" time="0.346" /><testcase classname="tests.test_export" name="test_synthetic_two_label_export_parity_and_fail_closed[False-lgbm]" time="0.406" /><testcase classname="tests.test_export" name="test_synthetic_two_label_export_parity_and_fail_closed[True-xgb]" time="0.326" /><testcase classname="tests.test_export" name="test_synthetic_two_label_export_parity_and_fail_closed[True-lgbm]" time="0.294" /><testcase classname="tests.test_featurize" name="test_api_training_features_and_metadata_identical" time="0.003" /><testcase classname="tests.test_featurize" name="test_invalid_inputs[-INVALID_SMILES]" time="0.001" /><testcase classname="tests.test_featurize" name="test_invalid_inputs[bad!-INVALID_SMILES]" time="0.003" /><testcase classname="tests.test_featurize" name="test_invalid_inputs[CCO.O-UNSUPPORTED_MIXTURE]" time="0.002" /><testcase classname="tests.test_featurize" name="test_stereoisomers_and_schema_identity" time="0.007" /><testcase classname="tests.test_featurize" name="test_invalid_row_mask" time="0.003" /><testcase classname="tests.test_protocol" name="test_joins_follow_identifiers_after_shuffling" time="0.026" /><testcase classname="tests.test_protocol" name="test_sigma_all_cas_aliases_must_be_unambiguous" time="0.010" /><testcase classname="tests.test_protocol" name="test_development_roles_are_disjoint_and_cover_fit" time="0.032" /><testcase classname="tests.test_protocol" name="test_resampling_retains_binary_bits_and_original_rows[random_oversample]" time="0.002" /><testcase classname="tests.test_protocol" name="test_resampling_retains_binary_bits_and_original_rows[mlsmote]" time="0.004" /><testcase classname="tests.test_protocol" name="test_model_spaces_are_specific_and_lgbm_bagging_is_enabled" time="0.005" /><testcase classname="tests.test_protocol" name="test_thresholds_and_metrics_have_explicit_semantics" time="0.040" /><testcase classname="tests.test_protocol" name="test_test_access_freezes_all_further_selection" time="0.005" /><testcase classname="tests.test_resume" name="test_interrupted_final_fit_resumes_without_retraining_completed_label" time="1.899" /><testcase classname="tests.test_runtime" name="test_missing_temperature_blocks_real_training" time="0.001" /><testcase classname="tests.test_runtime" name="test_sustained_heat_and_cool_reset" time="0.001" /><testcase classname="tests.test_runtime" name="test_memory_and_time_limits" time="0.001" /><testcase classname="tests.test_runtime" name="test_stale_sensor_cannot_bypass_guard" time="0.005" /><testcase classname="tests.test_scaffold_catalog" name="test_scaffold_groups_cannot_cross_development_roles" time="0.004" /><testcase classname="tests.test_scaffold_catalog" name="test_rdkit_version_mismatch_is_explicit" time="0.001" /><testcase classname="tests.test_scaffold_catalog" name="test_catalog_export_preserves_explicit_taxonomy_and_source_identity" time="0.023" /></testsuite></testsuites>